<?xml version="1.0" encoding="UTF-8"?>
<!-- Generated by org.testng.reporters.JUnitXMLReporter -->
<testsuite ignored="0" hostname="LIN-5CG3051P6R" failures="1" tests="3" name="FirefoxTest" time="18.533" errors="0" timestamp="2024-08-20T10:22:13 IST">
  <testcase classname="Parameterizationj.ParamTest" name="testLogo" time="0.035">
    <failure type="java.lang.AssertionError" message="expected [true] but found [false]">
      <![CDATA[java.lang.AssertionError: expected [true] but found [false]
at Parameterizationj.ParamTest.testLogo(ParamTest.java:40)
at java.base/java.util.ArrayList.forEach(ArrayList.java:1511)
at java.base/java.util.concurrent.FutureTask.run(FutureTask.java:264)
at java.base/java.util.concurrent.ThreadPoolExecutor.runWorker(ThreadPoolExecutor.java:1136)
at java.base/java.util.concurrent.ThreadPoolExecutor$Worker.run(ThreadPoolExecutor.java:635)
at java.base/java.lang.Thread.run(Thread.java:840)
... Removed 24 stack frames]]>
    </failure>
  </testcase> <!-- testLogo -->
  <testcase classname="Parameterizationj.ParamTest" name="testTitle" time="0.006"/>
  <testcase classname="Parameterizationj.ParamTest" name="testURL" time="0.008"/>
</testsuite> <!-- FirefoxTest -->
